-------------------------------------------------------------------------------
Test set: fi.rivermouth.talous.test.controller.UserControllerTest
-------------------------------------------------------------------------------
Tests run: 7, Failures: 1, Errors: 0, Skipped: 0, Time elapsed: 2.76 sec <<< FAILURE! - in fi.rivermouth.talous.test.controller.UserControllerTest
testGetUserByEmail(fi.rivermouth.talous.test.controller.UserControllerTest)  Time elapsed: 0.165 sec  <<< FAILURE!
java.lang.AssertionError: Status expected:<200> but was:<404>
	at org.springframework.test.util.AssertionErrors.fail(AssertionErrors.java:60)
	at org.springframework.test.util.AssertionErrors.assertEquals(AssertionErrors.java:89)
	at org.springframework.test.web.servlet.result.StatusResultMatchers$10.match(StatusResultMatchers.java:626)
	at org.springframework.test.web.servlet.MockMvc$1.andExpect(MockMvc.java:149)
	at fi.rivermouth.talous.test.controller.UserControllerTest.testGetUserByEmail(UserControllerTest.java:72)

