-------------------------------------------------------------------------------
Test set: fi.rivermouth.talous.test.controller.ClientControllerTest
-------------------------------------------------------------------------------
Tests run: 5, Failures: 1, Errors: 3, Skipped: 0, Time elapsed: 11.541 sec <<< FAILURE! - in fi.rivermouth.talous.test.controller.ClientControllerTest
testCRUD_Delete(fi.rivermouth.talous.test.controller.ClientControllerTest)  Time elapsed: 0.052 sec  <<< ERROR!
java.lang.NoSuchMethodError: fi.rivermouth.talous.domain.Client.setOwner(Lfi/rivermouth/talous/domain/User;)V
	at fi.rivermouth.talous.test.controller.ClientControllerTest.setEntityParent(ClientControllerTest.java:66)
	at fi.rivermouth.talous.test.controller.ClientControllerTest.setEntityParent(ClientControllerTest.java:13)

testCRUD_Update(fi.rivermouth.talous.test.controller.ClientControllerTest)  Time elapsed: 0.033 sec  <<< ERROR!
java.lang.NoSuchMethodError: fi.rivermouth.talous.domain.Client.setOwner(Lfi/rivermouth/talous/domain/User;)V
	at fi.rivermouth.talous.test.controller.ClientControllerTest.setEntityParent(ClientControllerTest.java:66)
	at fi.rivermouth.talous.test.controller.ClientControllerTest.setEntityParent(ClientControllerTest.java:13)

testCRUD_Read(fi.rivermouth.talous.test.controller.ClientControllerTest)  Time elapsed: 0.036 sec  <<< ERROR!
java.lang.NoSuchMethodError: fi.rivermouth.talous.domain.Client.setOwner(Lfi/rivermouth/talous/domain/User;)V
	at fi.rivermouth.talous.test.controller.ClientControllerTest.setEntityParent(ClientControllerTest.java:66)
	at fi.rivermouth.talous.test.controller.ClientControllerTest.setEntityParent(ClientControllerTest.java:13)

testCRUD_CreateMultiply_And_List(fi.rivermouth.talous.test.controller.ClientControllerTest)  Time elapsed: 0.08 sec  <<< FAILURE!
java.lang.AssertionError: JSON path$.data
Expected: a collection with size <3>
     but: collection size was <0>
	at org.springframework.test.util.MatcherAssertionErrors.assertThat(MatcherAssertionErrors.java:76)
	at org.springframework.test.util.JsonPathExpectationsHelper.assertValue(JsonPathExpectationsHelper.java:65)
	at org.springframework.test.web.servlet.result.JsonPathResultMatchers$1.match(JsonPathResultMatchers.java:55)
	at org.springframework.test.web.servlet.MockMvc$1.andExpect(MockMvc.java:149)
	at fi.rivermouth.talous.test.controller.BaseControllerTest.testCRUD_CreateMultiply_And_List(BaseControllerTest.java:109)
	at sun.reflect.NativeMethodAccessorImpl.invoke0(Native Method)
	at sun.reflect.NativeMethodAccessorImpl.invoke(NativeMethodAccessorImpl.java:57)
	at sun.reflect.DelegatingMethodAccessorImpl.invoke(DelegatingMethodAccessorImpl.java:43)
	at java.lang.reflect.Method.invoke(Method.java:606)
	at org.junit.runners.model.FrameworkMethod$1.runReflectiveCall(FrameworkMethod.java:47)
	at org.junit.internal.runners.model.ReflectiveCallable.run(ReflectiveCallable.java:12)
	at org.junit.runners.model.FrameworkMethod.invokeExplosively(FrameworkMethod.java:44)
	at org.junit.internal.runners.statements.InvokeMethod.evaluate(InvokeMethod.java:17)
	at org.junit.internal.runners.statements.RunBefores.evaluate(RunBefores.java:26)
	at org.springframework.test.context.junit4.statements.RunBeforeTestMethodCallbacks.evaluate(RunBeforeTestMethodCallbacks.java:74)
	at org.springframework.test.context.junit4.statements.RunAfterTestMethodCallbacks.evaluate(RunAfterTestMethodCallbacks.java:83)
	at org.springframework.test.context.junit4.statements.SpringRepeat.evaluate(SpringRepeat.java:72)
	at org.springframework.test.context.junit4.SpringJUnit4ClassRunner.runChild(SpringJUnit4ClassRunner.java:233)
	at org.springframework.test.context.junit4.SpringJUnit4ClassRunner.runChild(SpringJUnit4ClassRunner.java:87)
	at org.junit.runners.ParentRunner$3.run(ParentRunner.java:238)
	at org.junit.runners.ParentRunner$1.schedule(ParentRunner.java:63)
	at org.junit.runners.ParentRunner.runChildren(ParentRunner.java:236)
	at org.junit.runners.ParentRunner.access$000(ParentRunner.java:53)
	at org.junit.runners.ParentRunner$2.evaluate(ParentRunner.java:229)
	at org.springframework.test.context.junit4.statements.RunBeforeTestClassCallbacks.evaluate(RunBeforeTestClassCallbacks.java:61)
	at org.springframework.test.context.junit4.statements.RunAfterTestClassCallbacks.evaluate(RunAfterTestClassCallbacks.java:71)
	at org.junit.runners.ParentRunner.run(ParentRunner.java:309)
	at org.springframework.test.context.junit4.SpringJUnit4ClassRunner.run(SpringJUnit4ClassRunner.java:176)
	at org.apache.maven.surefire.junit4.JUnit4Provider.execute(JUnit4Provider.java:264)
	at org.apache.maven.surefire.junit4.JUnit4Provider.executeTestSet(JUnit4Provider.java:153)
	at org.apache.maven.surefire.junit4.JUnit4Provider.invoke(JUnit4Provider.java:124)
	at org.apache.maven.surefire.booter.ForkedBooter.invokeProviderInSameClassLoader(ForkedBooter.java:200)
	at org.apache.maven.surefire.booter.ForkedBooter.runSuitesInProcess(ForkedBooter.java:153)
	at org.apache.maven.surefire.booter.ForkedBooter.main(ForkedBooter.java:103)

