<?xml version="1.0" encoding="UTF-8"?>
<testsuite name="fi.rivermouth.talous.test.controller.UserControllerTest" time="3.48" tests="6" errors="1" skipped="0" failures="1">
  <properties>
[...]
</properties>
  <testcase name="testGetUserByEmail" classname="fi.rivermouth.talous.test.controller.UserControllerTest" time="0.412">
    <failure message="Status expected:&lt;200&gt; but was:&lt;204&gt;" type="java.lang.AssertionError"><![CDATA[java.lang.AssertionError: Status expected:<200> but was:<204>
	at org.springframework.test.util.AssertionErrors.fail(AssertionErrors.java:60)
	at org.springframework.test.util.AssertionErrors.assertEquals(AssertionErrors.java:89)
	at org.springframework.test.web.servlet.result.StatusResultMatchers$10.match(StatusResultMatchers.java:626)
	at org.springframework.test.web.servlet.MockMvc$1.andExpect(MockMvc.java:149)
	at fi.rivermouth.talous.test.controller.UserControllerTest.testGetUserByEmail(UserControllerTest.java:57)
]]></failure>
    <system-out>2014-11-25 11:44:56.770 DEBUG 6404 --- [           main] org.hibernate.SQL                        : select user0_.id as id2_0_, user0_.city as city4_0_, user0_.country as country5_0_, user0_.street as street6_0_, user0_.zip as zip7_0_, user0_.email as email8_0_, user0_.first_name as first_na9_0_, user0_.last_name as last_na10_0_, user0_.role as role11_0_, user0_.tel as tel12_0_, user0_.facebook_id as faceboo13_0_, user0_.google_id as google_14_0_, user0_.password as passwor15_0_ from base_entity user0_ where user0_.dtype='User'
2014-11-25 11:44:56.780 DEBUG 6404 --- [           main] org.hibernate.SQL                        : select clients0_.base_entity_id as base_ent1_0_0_, clients0_.clients_id as clients_2_1_0_, client1_.id as id2_0_1_, client1_.city as city4_0_1_, client1_.country as country5_0_1_, client1_.street as street6_0_1_, client1_.zip as zip7_0_1_, client1_.name as name3_0_1_, client1_.vat_number as vat_num21_0_1_ from base_entity_clients clients0_ inner join base_entity client1_ on clients0_.clients_id=client1_.id where clients0_.base_entity_id=?
2014-11-25 11:44:56.789 DEBUG 6404 --- [           main] org.hibernate.SQL                        : select files0_.base_entity_id as base_ent1_0_0_, files0_.files_id as files_id2_2_0_, file1_.id as id2_0_1_, file1_.collection as collect16_0_1_, file1_.content as content17_0_1_, file1_.mime_type as mime_ty18_0_1_, file1_.size as size19_0_1_, file1_.title as title20_0_1_ from base_entity_files files0_ inner join base_entity file1_ on files0_.files_id=file1_.id where files0_.base_entity_id=?
2014-11-25 11:44:56.794 DEBUG 6404 --- [           main] org.hibernate.SQL                        : delete from base_entity where id=?
2014-11-25 11:44:57.023 DEBUG 6404 --- [           main] org.hibernate.SQL                        : insert into base_entity (id, city, country, street, zip, email, first_name, last_name, role, tel, facebook_id, google_id, password, dtype) values (default, ?, ?, ?, ?, ?, ?, ?, ?, ?, ?, ?, ?, 'User')
2014-11-25 11:44:57.151 DEBUG 6404 --- [           main] org.hibernate.SQL                        : select user0_.id as id2_0_, user0_.city as city4_0_, user0_.country as country5_0_, user0_.street as street6_0_, user0_.zip as zip7_0_, user0_.email as email8_0_, user0_.first_name as first_na9_0_, user0_.last_name as last_na10_0_, user0_.role as role11_0_, user0_.tel as tel12_0_, user0_.facebook_id as faceboo13_0_, user0_.google_id as google_14_0_, user0_.password as passwor15_0_ from base_entity user0_ where user0_.dtype='User' and upper(user0_.email)=upper(?)
</system-out>
  </testcase>
  <testcase name="testCRUD_Create" classname="fi.rivermouth.talous.test.controller.UserControllerTest" time="0.527"/>
  <testcase name="testCRUD_Delete" classname="fi.rivermouth.talous.test.controller.UserControllerTest" time="0.491"/>
  <testcase name="testCRUD_Update" classname="fi.rivermouth.talous.test.controller.UserControllerTest" time="0.424">
    <error message="com.fasterxml.jackson.databind.JsonMappingException: failed to lazily initialize a collection of role: fi.rivermouth.talous.domain.User.clients, could not initialize proxy - no Session (through reference chain: fi.rivermouth.talous.domain.User[&quot;clients&quot;])" type="java.lang.RuntimeException">java.lang.RuntimeException: com.fasterxml.jackson.databind.JsonMappingException: failed to lazily initialize a collection of role: fi.rivermouth.talous.domain.User.clients, could not initialize proxy - no Session (through reference chain: fi.rivermouth.talous.domain.User["clients"])
	at fi.rivermouth.talous.test.controller.BaseControllerTest.asJsonString(BaseControllerTest.java:50)
	at fi.rivermouth.talous.test.controller.BaseControllerTest.performCRUD_Update(BaseControllerTest.java:133)
	at fi.rivermouth.talous.test.controller.BaseControllerTest.testCRUD_Update(BaseControllerTest.java:140)
	at sun.reflect.NativeMethodAccessorImpl.invoke0(Native Method)
	at sun.reflect.NativeMethodAccessorImpl.invoke(NativeMethodAccessorImpl.java:57)
	at sun.reflect.DelegatingMethodAccessorImpl.invoke(DelegatingMethodAccessorImpl.java:43)
	at java.lang.reflect.Method.invoke(Method.java:606)
	at org.junit.runners.model.FrameworkMethod$1.runReflectiveCall(FrameworkMethod.java:47)
	at org.junit.internal.runners.model.ReflectiveCallable.run(ReflectiveCallable.java:12)
	at org.junit.runners.model.FrameworkMethod.invokeExplosively(FrameworkMethod.java:44)
	at org.junit.internal.runners.statements.InvokeMethod.evaluate(InvokeMethod.java:17)
	at org.junit.internal.runners.statements.RunBefores.evaluate(RunBefores.java:26)
	at org.springframework.test.context.junit4.statements.RunBeforeTestMethodCallbacks.evaluate(RunBeforeTestMethodCallbacks.java:74)
	at org.springframework.test.context.junit4.statements.RunAfterTestMethodCallbacks.evaluate(RunAfterTestMethodCallbacks.java:83)
	at org.springframework.test.context.junit4.statements.SpringRepeat.evaluate(SpringRepeat.java:72)
	at org.springframework.test.context.junit4.SpringJUnit4ClassRunner.runChild(SpringJUnit4ClassRunner.java:233)
	at org.springframework.test.context.junit4.SpringJUnit4ClassRunner.runChild(SpringJUnit4ClassRunner.java:87)
	at org.junit.runners.ParentRunner$3.run(ParentRunner.java:238)
	at org.junit.runners.ParentRunner$1.schedule(ParentRunner.java:63)
	at org.junit.runners.ParentRunner.runChildren(ParentRunner.java:236)
	at org.junit.runners.ParentRunner.access$000(ParentRunner.java:53)
	at org.junit.runners.ParentRunner$2.evaluate(ParentRunner.java:229)
	at org.springframework.test.context.junit4.statements.RunBeforeTestClassCallbacks.evaluate(RunBeforeTestClassCallbacks.java:61)
	at org.springframework.test.context.junit4.statements.RunAfterTestClassCallbacks.evaluate(RunAfterTestClassCallbacks.java:71)
	at org.junit.runners.ParentRunner.run(ParentRunner.java:309)
	at org.springframework.test.context.junit4.SpringJUnit4ClassRunner.run(SpringJUnit4ClassRunner.java:176)
	at org.apache.maven.surefire.junit4.JUnit4Provider.execute(JUnit4Provider.java:264)
	at org.apache.maven.surefire.junit4.JUnit4Provider.executeTestSet(JUnit4Provider.java:153)
	at org.apache.maven.surefire.junit4.JUnit4Provider.invoke(JUnit4Provider.java:124)
	at org.apache.maven.surefire.booter.ForkedBooter.invokeProviderInSameClassLoader(ForkedBooter.java:200)
	at org.apache.maven.surefire.booter.ForkedBooter.runSuitesInProcess(ForkedBooter.java:153)
	at org.apache.maven.surefire.booter.ForkedBooter.main(ForkedBooter.java:103)
Caused by: com.fasterxml.jackson.databind.JsonMappingException: failed to lazily initialize a collection of role: fi.rivermouth.talous.domain.User.clients, could not initialize proxy - no Session (through reference chain: fi.rivermouth.talous.domain.User["clients"])
	at com.fasterxml.jackson.databind.JsonMappingException.wrapWithPath(JsonMappingException.java:232)
	at com.fasterxml.jackson.databind.JsonMappingException.wrapWithPath(JsonMappingException.java:197)
	at com.fasterxml.jackson.databind.ser.std.StdSerializer.wrapAndThrow(StdSerializer.java:187)
	at com.fasterxml.jackson.databind.ser.std.BeanSerializerBase.serializeFields(BeanSerializerBase.java:652)
	at com.fasterxml.jackson.databind.ser.BeanSerializer.serialize(BeanSerializer.java:152)
	at com.fasterxml.jackson.databind.ser.DefaultSerializerProvider.serializeValue(DefaultSerializerProvider.java:114)
	at com.fasterxml.jackson.databind.ObjectMapper._configAndWriteValue(ObjectMapper.java:2818)
	at com.fasterxml.jackson.databind.ObjectMapper.writeValueAsString(ObjectMapper.java:2275)
	at fi.rivermouth.talous.test.controller.BaseControllerTest.asJsonString(BaseControllerTest.java:46)
	at fi.rivermouth.talous.test.controller.BaseControllerTest.performCRUD_Update(BaseControllerTest.java:133)
	at fi.rivermouth.talous.test.controller.BaseControllerTest.testCRUD_Update(BaseControllerTest.java:140)
	at sun.reflect.NativeMethodAccessorImpl.invoke0(Native Method)
	at sun.reflect.NativeMethodAccessorImpl.invoke(NativeMethodAccessorImpl.java:57)
	at sun.reflect.DelegatingMethodAccessorImpl.invoke(DelegatingMethodAccessorImpl.java:43)
	at java.lang.reflect.Method.invoke(Method.java:606)
	at org.junit.runners.model.FrameworkMethod$1.runReflectiveCall(FrameworkMethod.java:47)
	at org.junit.internal.runners.model.ReflectiveCallable.run(ReflectiveCallable.java:12)
	at org.junit.runners.model.FrameworkMethod.invokeExplosively(FrameworkMethod.java:44)
	at org.junit.internal.runners.statements.InvokeMethod.evaluate(InvokeMethod.java:17)
	at org.junit.internal.runners.statements.RunBefores.evaluate(RunBefores.java:26)
	at org.springframework.test.context.junit4.statements.RunBeforeTestMethodCallbacks.evaluate(RunBeforeTestMethodCallbacks.java:74)
	at org.springframework.test.context.junit4.statements.RunAfterTestMethodCallbacks.evaluate(RunAfterTestMethodCallbacks.java:83)
	at org.springframework.test.context.junit4.statements.SpringRepeat.evaluate(SpringRepeat.java:72)
	at org.springframework.test.context.junit4.SpringJUnit4ClassRunner.runChild(SpringJUnit4ClassRunner.java:233)
	at org.springframework.test.context.junit4.SpringJUnit4ClassRunner.runChild(SpringJUnit4ClassRunner.java:87)
	at org.junit.runners.ParentRunner$3.run(ParentRunner.java:238)
	at org.junit.runners.ParentRunner$1.schedule(ParentRunner.java:63)
	at org.junit.runners.ParentRunner.runChildren(ParentRunner.java:236)
	at org.junit.runners.ParentRunner.access$000(ParentRunner.java:53)
	at org.junit.runners.ParentRunner$2.evaluate(ParentRunner.java:229)
	at org.springframework.test.context.junit4.statements.RunBeforeTestClassCallbacks.evaluate(RunBeforeTestClassCallbacks.java:61)
	at org.springframework.test.context.junit4.statements.RunAfterTestClassCallbacks.evaluate(RunAfterTestClassCallbacks.java:71)
	at org.junit.runners.ParentRunner.run(ParentRunner.java:309)
	at org.springframework.test.context.junit4.SpringJUnit4ClassRunner.run(SpringJUnit4ClassRunner.java:176)
	at org.apache.maven.surefire.junit4.JUnit4Provider.execute(JUnit4Provider.java:264)
	at org.apache.maven.surefire.junit4.JUnit4Provider.executeTestSet(JUnit4Provider.java:153)
	at org.apache.maven.surefire.junit4.JUnit4Provider.invoke(JUnit4Provider.java:124)
	at org.apache.maven.surefire.booter.ForkedBooter.invokeProviderInSameClassLoader(ForkedBooter.java:200)
	at org.apache.maven.surefire.booter.ForkedBooter.runSuitesInProcess(ForkedBooter.java:153)
	at org.apache.maven.surefire.booter.ForkedBooter.main(ForkedBooter.java:103)
Caused by: org.hibernate.LazyInitializationException: failed to lazily initialize a collection of role: fi.rivermouth.talous.domain.User.clients, could not initialize proxy - no Session
	at org.hibernate.collection.internal.AbstractPersistentCollection.throwLazyInitializationException(AbstractPersistentCollection.java:575)
	at org.hibernate.collection.internal.AbstractPersistentCollection.withTemporarySessionIfNeeded(AbstractPersistentCollection.java:214)
	at org.hibernate.collection.internal.AbstractPersistentCollection.initialize(AbstractPersistentCollection.java:554)
	at org.hibernate.collection.internal.AbstractPersistentCollection.read(AbstractPersistentCollection.java:142)
	at org.hibernate.collection.internal.PersistentBag.iterator(PersistentBag.java:294)
	at com.fasterxml.jackson.databind.ser.std.CollectionSerializer.serializeContents(CollectionSerializer.java:90)
	at com.fasterxml.jackson.databind.ser.std.CollectionSerializer.serializeContents(CollectionSerializer.java:23)
	at com.fasterxml.jackson.databind.ser.std.AsArraySerializerBase.serialize(AsArraySerializerBase.java:183)
	at com.fasterxml.jackson.databind.ser.BeanPropertyWriter.serializeAsField(BeanPropertyWriter.java:541)
	at com.fasterxml.jackson.databind.ser.std.BeanSerializerBase.serializeFields(BeanSerializerBase.java:644)
	at com.fasterxml.jackson.databind.ser.BeanSerializer.serialize(BeanSerializer.java:152)
	at com.fasterxml.jackson.databind.ser.DefaultSerializerProvider.serializeValue(DefaultSerializerProvider.java:114)
	at com.fasterxml.jackson.databind.ObjectMapper._configAndWriteValue(ObjectMapper.java:2818)
	at com.fasterxml.jackson.databind.ObjectMapper.writeValueAsString(ObjectMapper.java:2275)
	at fi.rivermouth.talous.test.controller.BaseControllerTest.asJsonString(BaseControllerTest.java:46)
	at fi.rivermouth.talous.test.controller.BaseControllerTest.performCRUD_Update(BaseControllerTest.java:133)
	at fi.rivermouth.talous.test.controller.BaseControllerTest.testCRUD_Update(BaseControllerTest.java:140)
	at sun.reflect.NativeMethodAccessorImpl.invoke0(Native Method)
	at sun.reflect.NativeMethodAccessorImpl.invoke(NativeMethodAccessorImpl.java:57)
	at sun.reflect.DelegatingMethodAccessorImpl.invoke(DelegatingMethodAccessorImpl.java:43)
	at java.lang.reflect.Method.invoke(Method.java:606)
	at org.junit.runners.model.FrameworkMethod$1.runReflectiveCall(FrameworkMethod.java:47)
	at org.junit.internal.runners.model.ReflectiveCallable.run(ReflectiveCallable.java:12)
	at org.junit.runners.model.FrameworkMethod.invokeExplosively(FrameworkMethod.java:44)
	at org.junit.internal.runners.statements.InvokeMethod.evaluate(InvokeMethod.java:17)
	at org.junit.internal.runners.statements.RunBefores.evaluate(RunBefores.java:26)
	at org.springframework.test.context.junit4.statements.RunBeforeTestMethodCallbacks.evaluate(RunBeforeTestMethodCallbacks.java:74)
	at org.springframework.test.context.junit4.statements.RunAfterTestMethodCallbacks.evaluate(RunAfterTestMethodCallbacks.java:83)
	at org.springframework.test.context.junit4.statements.SpringRepeat.evaluate(SpringRepeat.java:72)
	at org.springframework.test.context.junit4.SpringJUnit4ClassRunner.runChild(SpringJUnit4ClassRunner.java:233)
	at org.springframework.test.context.junit4.SpringJUnit4ClassRunner.runChild(SpringJUnit4ClassRunner.java:87)
	at org.junit.runners.ParentRunner$3.run(ParentRunner.java:238)
	at org.junit.runners.ParentRunner$1.schedule(ParentRunner.java:63)
	at org.junit.runners.ParentRunner.runChildren(ParentRunner.java:236)
	at org.junit.runners.ParentRunner.access$000(ParentRunner.java:53)
	at org.junit.runners.ParentRunner$2.evaluate(ParentRunner.java:229)
	at org.springframework.test.context.junit4.statements.RunBeforeTestClassCallbacks.evaluate(RunBeforeTestClassCallbacks.java:61)
	at org.springframework.test.context.junit4.statements.RunAfterTestClassCallbacks.evaluate(RunAfterTestClassCallbacks.java:71)
	at org.junit.runners.ParentRunner.run(ParentRunner.java:309)
	at org.springframework.test.context.junit4.SpringJUnit4ClassRunner.run(SpringJUnit4ClassRunner.java:176)
	at org.apache.maven.surefire.junit4.JUnit4Provider.execute(JUnit4Provider.java:264)
	at org.apache.maven.surefire.junit4.JUnit4Provider.executeTestSet(JUnit4Provider.java:153)
	at org.apache.maven.surefire.junit4.JUnit4Provider.invoke(JUnit4Provider.java:124)
	at org.apache.maven.surefire.booter.ForkedBooter.invokeProviderInSameClassLoader(ForkedBooter.java:200)
	at org.apache.maven.surefire.booter.ForkedBooter.runSuitesInProcess(ForkedBooter.java:153)
	at org.apache.maven.surefire.booter.ForkedBooter.main(ForkedBooter.java:103)
</error>
    <system-out>2014-11-25 11:44:58.201 DEBUG 6404 --- [           main] org.hibernate.SQL                        : select user0_.id as id2_0_, user0_.city as city4_0_, user0_.country as country5_0_, user0_.street as street6_0_, user0_.zip as zip7_0_, user0_.email as email8_0_, user0_.first_name as first_na9_0_, user0_.last_name as last_na10_0_, user0_.role as role11_0_, user0_.tel as tel12_0_, user0_.facebook_id as faceboo13_0_, user0_.google_id as google_14_0_, user0_.password as passwor15_0_ from base_entity user0_ where user0_.dtype='User'
JSON STRING: 
{"id":null,"name":{"firstName":"??????","lastName":"?????????????"},"role":null,"address":null,"email":"??????@rivermouth.fi","tel":null,"password":"$2a$10$5klbHEQF23WvRx3z9UH1XO.iZr00c3c3NH8WZ0OqBHygxxAX4ufd.","company":{"id":null,"name":"Rivermouth Ltd","vatNumber":"???????","address":{"street":"Rautalammintie 3 C 710","zip":"00550","city":"Helsinki","country":"Finland"}},"clients":null,"files":null,"googleId":null,"facebookId":null}
2014-11-25 11:44:58.572 DEBUG 6404 --- [           main] org.hibernate.SQL                        : insert into base_entity (id, city, country, street, zip, email, first_name, last_name, role, tel, facebook_id, google_id, password, dtype) values (default, ?, ?, ?, ?, ?, ?, ?, ?, ?, ?, ?, ?, 'User')
2014-11-25 11:44:58.579 DEBUG 6404 --- [           main] org.hibernate.SQL                        : select user0_.id as id2_0_, user0_.city as city4_0_, user0_.country as country5_0_, user0_.street as street6_0_, user0_.zip as zip7_0_, user0_.email as email8_0_, user0_.first_name as first_na9_0_, user0_.last_name as last_na10_0_, user0_.role as role11_0_, user0_.tel as tel12_0_, user0_.facebook_id as faceboo13_0_, user0_.google_id as google_14_0_, user0_.password as passwor15_0_ from base_entity user0_ where user0_.dtype='User'
</system-out>
  </testcase>
  <testcase name="testCRUD_Read" classname="fi.rivermouth.talous.test.controller.UserControllerTest" time="0.256"/>
  <testcase name="testCRUD_CreateMultiply_And_List" classname="fi.rivermouth.talous.test.controller.UserControllerTest" time="1.37"/>
</testsuite>