<?xml version="1.0" encoding="UTF-8"?>
<testsuite name="fi.rivermouth.talous.test.controller.UserNoteControllerTest" time="0.151" tests="5" errors="3" skipped="0" failures="2">
  <properties>
    <property name="java.runtime.name" value="Java(TM) SE Runtime Environment"/>
    <property name="sun.boot.library.path" value="C:\Program Files\Java\jdk1.7.0_45\jre\bin"/>
    <property name="java.vm.version" value="24.45-b08"/>
    <property name="user.country.format" value="FI"/>
    <property name="java.vm.vendor" value="Oracle Corporation"/>
    <property name="java.vendor.url" value="http://java.oracle.com/"/>
    <property name="path.separator" value=";"/>
    <property name="guice.disable.misplaced.annotation.check" value="true"/>
    <property name="java.vm.name" value="Java HotSpot(TM) 64-Bit Server VM"/>
    <property name="file.encoding.pkg" value="sun.io"/>
    <property name="user.script" value=""/>
    <property name="user.country" value="US"/>
    <property name="sun.java.launcher" value="SUN_STANDARD"/>
    <property name="sun.os.patch.level" value=""/>
    <property name="java.vm.specification.name" value="Java Virtual Machine Specification"/>
    <property name="user.dir" value="C:\Users\asus\dev\apps\Talous"/>
    <property name="java.runtime.version" value="1.7.0_45-b18"/>
    <property name="java.awt.graphicsenv" value="sun.awt.Win32GraphicsEnvironment"/>
    <property name="java.endorsed.dirs" value="C:\Program Files\Java\jdk1.7.0_45\jre\lib\endorsed"/>
    <property name="os.arch" value="amd64"/>
    <property name="java.io.tmpdir" value="C:\Users\asus\AppData\Local\Temp\"/>
    <property name="line.separator" value="&#10;"/>
    <property name="java.vm.specification.vendor" value="Oracle Corporation"/>
    <property name="user.variant" value=""/>
    <property name="os.name" value="Windows 8"/>
    <property name="classworlds.conf" value="C:\Users\asus\dev\tools\apache-maven-3.1.1\bin\..\bin\m2.conf"/>
    <property name="sun.jnu.encoding" value="Cp1252"/>
    <property name="java.library.path" value="C:\Program Files\Java\jdk1.7.0_45\bin;C:\WINDOWS\Sun\Java\bin;C:\WINDOWS\system32;C:\WINDOWS;C:\Users\asus\AppData\Local\GitHub\PortableGit_054f2e797ebafd44a30203088cd3d58663c627ef\cmd;C:\Users\asus\AppData\Local\GitHub\PortableGit_054f2e797ebafd44a30203088cd3d58663c627ef\bin;C:\Users\asus\AppData\Local\Apps\2.0\ODBDMM5E.JAY\YL2VTTQO.4JK\gith..tion_317444273a93ac29_0002.0002_f44dcb2e9d4cde94;C:\WINDOWS\Microsoft.NET\Framework\v4.0.30319;C:\Program Files\NVIDIA GPU Computing Toolkit\CUDA\v6.5\bin;C:\Program Files\NVIDIA GPU Computing Toolkit\CUDA\v6.5\libnvvp;C:\Program Files (x86)\NVIDIA Corporation\PhysX\Common;C:\Users\asus\dev\tools\apache-maven-3.1.1\bin;C:\Program Files\Java\jdk1.7.0_45\bin;C:\WINDOWS\system32;C:\WINDOWS;C:\WINDOWS\System32\Wbem;C:\WINDOWS\System32\WindowsPowerShell\v1.0\;C:\Program Files (x86)\Heroku\bin;C:\Program Files (x86)\git\cmd;C:\Program Files\nodejs\;C:\Users\asus\npm;C:\xampp\php;C:\ProgramData\ComposerSetup\bin;C:\Users\asus\dev\tools\adt-bundle-windows-x86_64-20130522\sdk\platform-tools;C:\Users\asus\dev\tools\apache-ant-1.9.4\bin;C:\Users\asus\dev\tools\adt-bundle-windows-x86_64-20130522\sdk\tools;C:\Users\asus\dev\tools\adt-bundle-windows-x86_64-20130522\sdk\platform-tools\;C:\Python27\;C:\Python27\Scripts\;C:\Program Files (x86)\Windows Live\Shared;C:\MinGW\bin;C:\MinGW\MSYS\1.0\bin;C:\Program Files\NVIDIA GPU Computing Toolkit\CUDA\v6.5\bin;C:\Program Files\NVIDIA GPU Computing Toolkit\CUDA\v6.5\libnvvp;C:\Program Files (x86)\NVIDIA Corporation\PhysX\Common;C:\Users\asus\dev\tools\apache-maven-3.1.1\bin;C:\Program Files\Java\jdk1.7.0_45\bin;C:\WINDOWS\system32;C:\WINDOWS;C:\WINDOWS\System32\Wbem;C:\WINDOWS\System32\WindowsPowerShell\v1.0\;C:\Program Files (x86)\Heroku\bin;C:\Program Files (x86)\git\cmd;C:\Program Files\nodejs\;C:\Users\asus\npm;C:\xampp\php;C:\ProgramData\ComposerSetup\bin;C:\Users\asus\dev\tools\adt-bundle-windows-x86_64-20130522\sdk\platform-tools;C:\Users\asus\dev\tools\apache-ant-1.9.4\bin;C:\Users\asus\dev\tools\adt-bundle-windows-x86_64-20130522\sdk\tools;C:\Users\asus\dev\tools\adt-bundle-windows-x86_64-20130522\sdk\platform-tools\;C:\Python27\;C:\Python27\Scripts\;C:\Program Files (x86)\Windows Live\Shared;C:\MinGW\bin;C:\MinGW\MSYS\1.0\bin;C:\google-cloud-sdk\bin;C:\Program Files (x86)\Google\google_appengine\;."/>
    <property name="java.specification.name" value="Java Platform API Specification"/>
    <property name="java.class.version" value="51.0"/>
    <property name="sun.management.compiler" value="HotSpot 64-Bit Tiered Compilers"/>
    <property name="os.version" value="6.2"/>
    <property name="user.home" value="C:\Users\asus"/>
    <property name="user.timezone" value="Europe/Helsinki"/>
    <property name="java.awt.printerjob" value="sun.awt.windows.WPrinterJob"/>
    <property name="java.specification.version" value="1.7"/>
    <property name="file.encoding" value="Cp1252"/>
    <property name="user.name" value="asus"/>
    <property name="java.class.path" value="C:\Users\asus\dev\tools\apache-maven-3.1.1\bin\..\boot\plexus-classworlds-2.5.1.jar"/>
    <property name="org.slf4j.simpleLogger.defaultLogLevel" value="info"/>
    <property name="java.vm.specification.version" value="1.7"/>
    <property name="sun.arch.data.model" value="64"/>
    <property name="java.home" value="C:\Program Files\Java\jdk1.7.0_45\jre"/>
    <property name="sun.java.command" value="org.codehaus.plexus.classworlds.launcher.Launcher test"/>
    <property name="java.specification.vendor" value="Oracle Corporation"/>
    <property name="user.language" value="en"/>
    <property name="user.language.format" value="fi"/>
    <property name="awt.toolkit" value="sun.awt.windows.WToolkit"/>
    <property name="java.vm.info" value="mixed mode"/>
    <property name="java.version" value="1.7.0_45"/>
    <property name="java.ext.dirs" value="C:\Program Files\Java\jdk1.7.0_45\jre\lib\ext;C:\WINDOWS\Sun\Java\lib\ext"/>
    <property name="sun.boot.class.path" value="C:\Program Files\Java\jdk1.7.0_45\jre\lib\resources.jar;C:\Program Files\Java\jdk1.7.0_45\jre\lib\rt.jar;C:\Program Files\Java\jdk1.7.0_45\jre\lib\sunrsasign.jar;C:\Program Files\Java\jdk1.7.0_45\jre\lib\jsse.jar;C:\Program Files\Java\jdk1.7.0_45\jre\lib\jce.jar;C:\Program Files\Java\jdk1.7.0_45\jre\lib\charsets.jar;C:\Program Files\Java\jdk1.7.0_45\jre\lib\jfr.jar;C:\Program Files\Java\jdk1.7.0_45\jre\classes"/>
    <property name="java.vendor" value="Oracle Corporation"/>
    <property name="maven.home" value="C:\Users\asus\dev\tools\apache-maven-3.1.1\bin\.."/>
    <property name="file.separator" value="\"/>
    <property name="java.vendor.url.bug" value="http://bugreport.sun.com/bugreport/"/>
    <property name="sun.cpu.endian" value="little"/>
    <property name="sun.io.unicode.encoding" value="UnicodeLittle"/>
    <property name="sun.desktop" value="windows"/>
    <property name="sun.cpu.isalist" value="amd64"/>
  </properties>
  <testcase name="testCRUD_Create" classname="fi.rivermouth.talous.test.controller.UserNoteControllerTest" time="0.043">
    <failure message="Status expected:&lt;201&gt; but was:&lt;404&gt;" type="java.lang.AssertionError"><![CDATA[java.lang.AssertionError: Status expected:<201> but was:<404>
	at org.springframework.test.util.AssertionErrors.fail(AssertionErrors.java:60)
	at org.springframework.test.util.AssertionErrors.assertEquals(AssertionErrors.java:89)
	at org.springframework.test.web.servlet.result.StatusResultMatchers$10.match(StatusResultMatchers.java:626)
	at org.springframework.test.web.servlet.MockMvc$1.andExpect(MockMvc.java:149)
	at fi.rivermouth.talous.test.controller.BaseControllerTest.testCRUD_Create(BaseControllerTest.java:88)
	at sun.reflect.NativeMethodAccessorImpl.invoke0(Native Method)
	at sun.reflect.NativeMethodAccessorImpl.invoke(NativeMethodAccessorImpl.java:57)
	at sun.reflect.DelegatingMethodAccessorImpl.invoke(DelegatingMethodAccessorImpl.java:43)
	at java.lang.reflect.Method.invoke(Method.java:606)
	at org.junit.runners.model.FrameworkMethod$1.runReflectiveCall(FrameworkMethod.java:47)
	at org.junit.internal.runners.model.ReflectiveCallable.run(ReflectiveCallable.java:12)
	at org.junit.runners.model.FrameworkMethod.invokeExplosively(FrameworkMethod.java:44)
	at org.junit.internal.runners.statements.InvokeMethod.evaluate(InvokeMethod.java:17)
	at org.junit.internal.runners.statements.RunBefores.evaluate(RunBefores.java:26)
	at org.springframework.test.context.junit4.statements.RunBeforeTestMethodCallbacks.evaluate(RunBeforeTestMethodCallbacks.java:74)
	at org.springframework.test.context.junit4.statements.RunAfterTestMethodCallbacks.evaluate(RunAfterTestMethodCallbacks.java:83)
	at org.springframework.test.context.junit4.statements.SpringRepeat.evaluate(SpringRepeat.java:72)
	at org.springframework.test.context.junit4.SpringJUnit4ClassRunner.runChild(SpringJUnit4ClassRunner.java:233)
	at org.springframework.test.context.junit4.SpringJUnit4ClassRunner.runChild(SpringJUnit4ClassRunner.java:87)
	at org.junit.runners.ParentRunner$3.run(ParentRunner.java:238)
	at org.junit.runners.ParentRunner$1.schedule(ParentRunner.java:63)
	at org.junit.runners.ParentRunner.runChildren(ParentRunner.java:236)
	at org.junit.runners.ParentRunner.access$000(ParentRunner.java:53)
	at org.junit.runners.ParentRunner$2.evaluate(ParentRunner.java:229)
	at org.springframework.test.context.junit4.statements.RunBeforeTestClassCallbacks.evaluate(RunBeforeTestClassCallbacks.java:61)
	at org.springframework.test.context.junit4.statements.RunAfterTestClassCallbacks.evaluate(RunAfterTestClassCallbacks.java:71)
	at org.junit.runners.ParentRunner.run(ParentRunner.java:309)
	at org.springframework.test.context.junit4.SpringJUnit4ClassRunner.run(SpringJUnit4ClassRunner.java:176)
	at org.apache.maven.surefire.junit4.JUnit4Provider.execute(JUnit4Provider.java:264)
	at org.apache.maven.surefire.junit4.JUnit4Provider.executeTestSet(JUnit4Provider.java:153)
	at org.apache.maven.surefire.junit4.JUnit4Provider.invoke(JUnit4Provider.java:124)
	at org.apache.maven.surefire.booter.ForkedBooter.invokeProviderInSameClassLoader(ForkedBooter.java:200)
	at org.apache.maven.surefire.booter.ForkedBooter.runSuitesInProcess(ForkedBooter.java:153)
	at org.apache.maven.surefire.booter.ForkedBooter.main(ForkedBooter.java:103)
]]></failure>
    <system-out>2014-11-09 23:13:00.721 DEBUG 4156 --- [           main] org.hibernate.SQL                        : select usernote0_.id as id2_0_, usernote0_.title as title10_0_, usernote0_.content as content11_0_, usernote0_.parent_id as parent_i9_0_ from base_entity usernote0_ where usernote0_.dtype='UserNote'
2014-11-09 23:13:00.724 DEBUG 4156 --- [           main] org.hibernate.SQL                        : select user0_.id as id2_0_, user0_.city as city4_0_, user0_.country as country5_0_, user0_.street as street6_0_, user0_.zip as zip7_0_, user0_.email as email12_0_, user0_.first_name as first_n13_0_, user0_.last_name as last_na14_0_, user0_.role as role15_0_, user0_.tel as tel16_0_, user0_.facebook_id as faceboo17_0_, user0_.google_id as google_18_0_ from base_entity user0_ where user0_.dtype='User'
2014-11-09 23:13:00.731 DEBUG 4156 --- [           main] org.hibernate.SQL                        : update base_entity set parent_id=null where parent_id=?
2014-11-09 23:13:00.733 DEBUG 4156 --- [           main] org.hibernate.SQL                        : update base_entity set parent_id=null where parent_id=?
2014-11-09 23:13:00.736 DEBUG 4156 --- [           main] org.hibernate.SQL                        : update base_entity set parent_id=null where parent_id=?
2014-11-09 23:13:00.737 DEBUG 4156 --- [           main] org.hibernate.SQL                        : update base_entity set parent_id=null where parent_id=?
2014-11-09 23:13:00.739 DEBUG 4156 --- [           main] org.hibernate.SQL                        : update base_entity set parent_id=null where parent_id=?
2014-11-09 23:13:00.740 DEBUG 4156 --- [           main] org.hibernate.SQL                        : update base_entity set parent_id=null where parent_id=?
2014-11-09 23:13:00.742 DEBUG 4156 --- [           main] org.hibernate.SQL                        : delete from base_entity where id=?
2014-11-09 23:13:00.744 DEBUG 4156 --- [           main] org.hibernate.SQL                        : delete from base_entity where id=?
2014-11-09 23:13:00.747 DEBUG 4156 --- [           main] org.hibernate.SQL                        : delete from base_entity where id=?
2014-11-09 23:13:00.760 DEBUG 4156 --- [           main] org.hibernate.SQL                        : insert into base_entity (id, city, country, street, zip, email, first_name, last_name, role, tel, facebook_id, google_id, dtype) values (default, ?, ?, ?, ?, ?, ?, ?, ?, ?, ?, ?, 'User')
JSON STRING: 
{"id":null,"title":"????????????????","parentId":null,"content":"???????????????????????????????????????????"}
</system-out>
  </testcase>
  <testcase name="testCRUD_Delete" classname="fi.rivermouth.talous.test.controller.UserNoteControllerTest" time="0.023">
    <error message="fi.rivermouth.talous.domain.UserNote.setAttachedTo(Lfi/rivermouth/talous/domain/User;)V" type="java.lang.NoSuchMethodError">java.lang.NoSuchMethodError: fi.rivermouth.talous.domain.UserNote.setAttachedTo(Lfi/rivermouth/talous/domain/User;)V
	at fi.rivermouth.talous.test.controller.UserNoteControllerTest.setEntityParent(UserNoteControllerTest.java:38)
	at fi.rivermouth.talous.test.controller.UserNoteControllerTest.setEntityParent(UserNoteControllerTest.java:13)
</error>
    <system-out>2014-11-09 23:13:00.775 DEBUG 4156 --- [           main] org.hibernate.SQL                        : select usernote0_.id as id2_0_, usernote0_.title as title10_0_, usernote0_.content as content11_0_, usernote0_.parent_id as parent_i9_0_ from base_entity usernote0_ where usernote0_.dtype='UserNote'
2014-11-09 23:13:00.777 DEBUG 4156 --- [           main] org.hibernate.SQL                        : select user0_.id as id2_0_, user0_.city as city4_0_, user0_.country as country5_0_, user0_.street as street6_0_, user0_.zip as zip7_0_, user0_.email as email12_0_, user0_.first_name as first_n13_0_, user0_.last_name as last_na14_0_, user0_.role as role15_0_, user0_.tel as tel16_0_, user0_.facebook_id as faceboo17_0_, user0_.google_id as google_18_0_ from base_entity user0_ where user0_.dtype='User'
2014-11-09 23:13:00.780 DEBUG 4156 --- [           main] org.hibernate.SQL                        : update base_entity set parent_id=null where parent_id=?
2014-11-09 23:13:00.781 DEBUG 4156 --- [           main] org.hibernate.SQL                        : update base_entity set parent_id=null where parent_id=?
2014-11-09 23:13:00.782 DEBUG 4156 --- [           main] org.hibernate.SQL                        : delete from base_entity where id=?
2014-11-09 23:13:00.784 DEBUG 4156 --- [           main] org.hibernate.SQL                        : insert into base_entity (id, city, country, street, zip, email, first_name, last_name, role, tel, facebook_id, google_id, dtype) values (default, ?, ?, ?, ?, ?, ?, ?, ?, ?, ?, ?, 'User')
2014-11-09 23:13:00.788 DEBUG 4156 --- [           main] org.hibernate.SQL                        : insert into base_entity (id, title, content, parent_id, dtype) values (default, ?, ?, ?, 'UserNote')
</system-out>
  </testcase>
  <testcase name="testCRUD_Update" classname="fi.rivermouth.talous.test.controller.UserNoteControllerTest" time="0.027">
    <error message="fi.rivermouth.talous.domain.UserNote.setAttachedTo(Lfi/rivermouth/talous/domain/User;)V" type="java.lang.NoSuchMethodError">java.lang.NoSuchMethodError: fi.rivermouth.talous.domain.UserNote.setAttachedTo(Lfi/rivermouth/talous/domain/User;)V
	at fi.rivermouth.talous.test.controller.UserNoteControllerTest.setEntityParent(UserNoteControllerTest.java:38)
	at fi.rivermouth.talous.test.controller.UserNoteControllerTest.setEntityParent(UserNoteControllerTest.java:13)
</error>
    <system-out>2014-11-09 23:13:00.797 DEBUG 4156 --- [           main] org.hibernate.SQL                        : select usernote0_.id as id2_0_, usernote0_.title as title10_0_, usernote0_.content as content11_0_, usernote0_.parent_id as parent_i9_0_ from base_entity usernote0_ where usernote0_.dtype='UserNote'
2014-11-09 23:13:00.799 DEBUG 4156 --- [           main] org.hibernate.SQL                        : delete from base_entity where id=?
2014-11-09 23:13:00.801 DEBUG 4156 --- [           main] org.hibernate.SQL                        : select user0_.id as id2_0_, user0_.city as city4_0_, user0_.country as country5_0_, user0_.street as street6_0_, user0_.zip as zip7_0_, user0_.email as email12_0_, user0_.first_name as first_n13_0_, user0_.last_name as last_na14_0_, user0_.role as role15_0_, user0_.tel as tel16_0_, user0_.facebook_id as faceboo17_0_, user0_.google_id as google_18_0_ from base_entity user0_ where user0_.dtype='User'
2014-11-09 23:13:00.803 DEBUG 4156 --- [           main] org.hibernate.SQL                        : update base_entity set parent_id=null where parent_id=?
2014-11-09 23:13:00.804 DEBUG 4156 --- [           main] org.hibernate.SQL                        : update base_entity set parent_id=null where parent_id=?
2014-11-09 23:13:00.806 DEBUG 4156 --- [           main] org.hibernate.SQL                        : delete from base_entity where id=?
2014-11-09 23:13:00.809 DEBUG 4156 --- [           main] org.hibernate.SQL                        : insert into base_entity (id, city, country, street, zip, email, first_name, last_name, role, tel, facebook_id, google_id, dtype) values (default, ?, ?, ?, ?, ?, ?, ?, ?, ?, ?, ?, 'User')
2014-11-09 23:13:00.812 DEBUG 4156 --- [           main] org.hibernate.SQL                        : insert into base_entity (id, title, content, parent_id, dtype) values (default, ?, ?, ?, 'UserNote')
</system-out>
  </testcase>
  <testcase name="testCRUD_Read" classname="fi.rivermouth.talous.test.controller.UserNoteControllerTest" time="0.026">
    <error message="fi.rivermouth.talous.domain.UserNote.setAttachedTo(Lfi/rivermouth/talous/domain/User;)V" type="java.lang.NoSuchMethodError">java.lang.NoSuchMethodError: fi.rivermouth.talous.domain.UserNote.setAttachedTo(Lfi/rivermouth/talous/domain/User;)V
	at fi.rivermouth.talous.test.controller.UserNoteControllerTest.setEntityParent(UserNoteControllerTest.java:38)
	at fi.rivermouth.talous.test.controller.UserNoteControllerTest.setEntityParent(UserNoteControllerTest.java:13)
</error>
    <system-out>2014-11-09 23:13:00.819 DEBUG 4156 --- [           main] org.hibernate.SQL                        : select usernote0_.id as id2_0_, usernote0_.title as title10_0_, usernote0_.content as content11_0_, usernote0_.parent_id as parent_i9_0_ from base_entity usernote0_ where usernote0_.dtype='UserNote'
2014-11-09 23:13:00.822 DEBUG 4156 --- [           main] org.hibernate.SQL                        : delete from base_entity where id=?
2014-11-09 23:13:00.824 DEBUG 4156 --- [           main] org.hibernate.SQL                        : select user0_.id as id2_0_, user0_.city as city4_0_, user0_.country as country5_0_, user0_.street as street6_0_, user0_.zip as zip7_0_, user0_.email as email12_0_, user0_.first_name as first_n13_0_, user0_.last_name as last_na14_0_, user0_.role as role15_0_, user0_.tel as tel16_0_, user0_.facebook_id as faceboo17_0_, user0_.google_id as google_18_0_ from base_entity user0_ where user0_.dtype='User'
2014-11-09 23:13:00.827 DEBUG 4156 --- [           main] org.hibernate.SQL                        : update base_entity set parent_id=null where parent_id=?
2014-11-09 23:13:00.828 DEBUG 4156 --- [           main] org.hibernate.SQL                        : update base_entity set parent_id=null where parent_id=?
2014-11-09 23:13:00.828 DEBUG 4156 --- [           main] org.hibernate.SQL                        : delete from base_entity where id=?
2014-11-09 23:13:00.831 DEBUG 4156 --- [           main] org.hibernate.SQL                        : insert into base_entity (id, city, country, street, zip, email, first_name, last_name, role, tel, facebook_id, google_id, dtype) values (default, ?, ?, ?, ?, ?, ?, ?, ?, ?, ?, ?, 'User')
2014-11-09 23:13:00.834 DEBUG 4156 --- [           main] org.hibernate.SQL                        : insert into base_entity (id, title, content, parent_id, dtype) values (default, ?, ?, ?, 'UserNote')
</system-out>
  </testcase>
  <testcase name="testCRUD_CreateMultiply_And_List" classname="fi.rivermouth.talous.test.controller.UserNoteControllerTest" time="0.032">
    <failure message="Status expected:&lt;200&gt; but was:&lt;404&gt;" type="java.lang.AssertionError"><![CDATA[java.lang.AssertionError: Status expected:<200> but was:<404>
	at org.springframework.test.util.AssertionErrors.fail(AssertionErrors.java:60)
	at org.springframework.test.util.AssertionErrors.assertEquals(AssertionErrors.java:89)
	at org.springframework.test.web.servlet.result.StatusResultMatchers$10.match(StatusResultMatchers.java:626)
	at org.springframework.test.web.servlet.MockMvc$1.andExpect(MockMvc.java:149)
	at fi.rivermouth.talous.test.controller.BaseControllerTest.testCRUD_CreateMultiply_And_List(BaseControllerTest.java:109)
	at sun.reflect.NativeMethodAccessorImpl.invoke0(Native Method)
	at sun.reflect.NativeMethodAccessorImpl.invoke(NativeMethodAccessorImpl.java:57)
	at sun.reflect.DelegatingMethodAccessorImpl.invoke(DelegatingMethodAccessorImpl.java:43)
	at java.lang.reflect.Method.invoke(Method.java:606)
	at org.junit.runners.model.FrameworkMethod$1.runReflectiveCall(FrameworkMethod.java:47)
	at org.junit.internal.runners.model.ReflectiveCallable.run(ReflectiveCallable.java:12)
	at org.junit.runners.model.FrameworkMethod.invokeExplosively(FrameworkMethod.java:44)
	at org.junit.internal.runners.statements.InvokeMethod.evaluate(InvokeMethod.java:17)
	at org.junit.internal.runners.statements.RunBefores.evaluate(RunBefores.java:26)
	at org.springframework.test.context.junit4.statements.RunBeforeTestMethodCallbacks.evaluate(RunBeforeTestMethodCallbacks.java:74)
	at org.springframework.test.context.junit4.statements.RunAfterTestMethodCallbacks.evaluate(RunAfterTestMethodCallbacks.java:83)
	at org.springframework.test.context.junit4.statements.SpringRepeat.evaluate(SpringRepeat.java:72)
	at org.springframework.test.context.junit4.SpringJUnit4ClassRunner.runChild(SpringJUnit4ClassRunner.java:233)
	at org.springframework.test.context.junit4.SpringJUnit4ClassRunner.runChild(SpringJUnit4ClassRunner.java:87)
	at org.junit.runners.ParentRunner$3.run(ParentRunner.java:238)
	at org.junit.runners.ParentRunner$1.schedule(ParentRunner.java:63)
	at org.junit.runners.ParentRunner.runChildren(ParentRunner.java:236)
	at org.junit.runners.ParentRunner.access$000(ParentRunner.java:53)
	at org.junit.runners.ParentRunner$2.evaluate(ParentRunner.java:229)
	at org.springframework.test.context.junit4.statements.RunBeforeTestClassCallbacks.evaluate(RunBeforeTestClassCallbacks.java:61)
	at org.springframework.test.context.junit4.statements.RunAfterTestClassCallbacks.evaluate(RunAfterTestClassCallbacks.java:71)
	at org.junit.runners.ParentRunner.run(ParentRunner.java:309)
	at org.springframework.test.context.junit4.SpringJUnit4ClassRunner.run(SpringJUnit4ClassRunner.java:176)
	at org.apache.maven.surefire.junit4.JUnit4Provider.execute(JUnit4Provider.java:264)
	at org.apache.maven.surefire.junit4.JUnit4Provider.executeTestSet(JUnit4Provider.java:153)
	at org.apache.maven.surefire.junit4.JUnit4Provider.invoke(JUnit4Provider.java:124)
	at org.apache.maven.surefire.booter.ForkedBooter.invokeProviderInSameClassLoader(ForkedBooter.java:200)
	at org.apache.maven.surefire.booter.ForkedBooter.runSuitesInProcess(ForkedBooter.java:153)
	at org.apache.maven.surefire.booter.ForkedBooter.main(ForkedBooter.java:103)
]]></failure>
    <system-out>2014-11-09 23:13:00.845 DEBUG 4156 --- [           main] org.hibernate.SQL                        : select usernote0_.id as id2_0_, usernote0_.title as title10_0_, usernote0_.content as content11_0_, usernote0_.parent_id as parent_i9_0_ from base_entity usernote0_ where usernote0_.dtype='UserNote'
2014-11-09 23:13:00.848 DEBUG 4156 --- [           main] org.hibernate.SQL                        : delete from base_entity where id=?
2014-11-09 23:13:00.850 DEBUG 4156 --- [           main] org.hibernate.SQL                        : select user0_.id as id2_0_, user0_.city as city4_0_, user0_.country as country5_0_, user0_.street as street6_0_, user0_.zip as zip7_0_, user0_.email as email12_0_, user0_.first_name as first_n13_0_, user0_.last_name as last_na14_0_, user0_.role as role15_0_, user0_.tel as tel16_0_, user0_.facebook_id as faceboo17_0_, user0_.google_id as google_18_0_ from base_entity user0_ where user0_.dtype='User'
2014-11-09 23:13:00.853 DEBUG 4156 --- [           main] org.hibernate.SQL                        : update base_entity set parent_id=null where parent_id=?
2014-11-09 23:13:00.854 DEBUG 4156 --- [           main] org.hibernate.SQL                        : update base_entity set parent_id=null where parent_id=?
2014-11-09 23:13:00.855 DEBUG 4156 --- [           main] org.hibernate.SQL                        : delete from base_entity where id=?
2014-11-09 23:13:00.859 DEBUG 4156 --- [           main] org.hibernate.SQL                        : insert into base_entity (id, city, country, street, zip, email, first_name, last_name, role, tel, facebook_id, google_id, dtype) values (default, ?, ?, ?, ?, ?, ?, ?, ?, ?, ?, ?, 'User')
2014-11-09 23:13:00.863 DEBUG 4156 --- [           main] org.hibernate.SQL                        : insert into base_entity (id, title, content, parent_id, dtype) values (default, ?, ?, ?, 'UserNote')
2014-11-09 23:13:00.865 DEBUG 4156 --- [           main] org.hibernate.SQL                        : insert into base_entity (id, title, content, parent_id, dtype) values (default, ?, ?, ?, 'UserNote')
2014-11-09 23:13:00.868 DEBUG 4156 --- [           main] org.hibernate.SQL                        : insert into base_entity (id, title, content, parent_id, dtype) values (default, ?, ?, ?, 'UserNote')
</system-out>
  </testcase>
</testsuite>